<?xml version="1.0" encoding="UTF-8"?>
<testng-results skipped="0" failed="0" ignored="0" total="1" passed="1">
  <reporter-output>
  </reporter-output>
  <suite name="Default suite" duration-ms="21386" started-at="2019-12-08T05:36:47Z" finished-at="2019-12-08T05:37:08Z">
    <groups>
    </groups>
    <test name="Default test" duration-ms="21386" started-at="2019-12-08T05:36:47Z" finished-at="2019-12-08T05:37:08Z">
      <class name="Com.demo.test.LoginTest">
        <test-method status="PASS" signature="beforeMethod()[pri:0, instance:Com.demo.test.LoginTest@26be92ad]" name="beforeMethod" is-config="true" duration-ms="20475" started-at="2019-12-08T05:36:47Z" finished-at="2019-12-08T05:37:08Z">
          <reporter-output>
          </reporter-output>
        </test-method> <!-- beforeMethod -->
        <test-method status="PASS" signature="f()[pri:0, instance:Com.demo.test.LoginTest@26be92ad]" name="f" duration-ms="532" started-at="2019-12-08T05:37:08Z" finished-at="2019-12-08T05:37:08Z">
          <reporter-output>
          </reporter-output>
        </test-method> <!-- f -->
        <test-method status="PASS" signature="afterMethod()[pri:0, instance:Com.demo.test.LoginTest@26be92ad]" name="afterMethod" is-config="true" duration-ms="324" started-at="2019-12-08T05:37:08Z" finished-at="2019-12-08T05:37:08Z">
          <reporter-output>
          </reporter-output>
        </test-method> <!-- afterMethod -->
      </class> <!-- Com.demo.test.LoginTest -->
    </test> <!-- Default test -->
  </suite> <!-- Default suite -->
</testng-results>
